{
  "stats": {
    "suites": 1,
    "tests": 3,
    "passes": 1,
    "pending": 0,
    "failures": 2,
    "start": "2025-01-16T21:52:34.274Z",
    "end": "2025-01-16T21:52:35.990Z",
    "duration": 1716,
    "testsRegistered": 3,
    "passPercent": 33.33333333333333,
    "pendingPercent": 0,
    "other": 0,
    "hasOther": false,
    "skipped": 0,
    "hasSkipped": false
  },
  "results": [
    {
      "uuid": "8ea391b3-5fb8-4216-9a86-cf0e14243060",
      "title": "",
      "fullFile": "cypress/e2e/api-tests/deleteUser.spec.js",
      "file": "cypress/e2e/api-tests/deleteUser.spec.js",
      "beforeHooks": [],
      "afterHooks": [],
      "tests": [],
      "suites": [
        {
          "uuid": "67d65eb3-187c-49ee-95c5-90d02ea1e031",
          "title": "Users API - DELETE Requests",
          "fullFile": "",
          "file": "",
          "beforeHooks": [],
          "afterHooks": [],
          "tests": [
            {
              "title": "should delete a user successfully",
              "fullTitle": "Users API - DELETE Requests should delete a user successfully",
              "timedOut": null,
              "duration": 275,
              "state": "passed",
              "speed": "fast",
              "pass": true,
              "fail": false,
              "pending": false,
              "context": null,
              "code": "userApiPage.deleteUser(2).then(response => {\n  expect(response.status).to.eq(204);\n});",
              "err": {},
              "uuid": "e6ea6d67-c603-4c83-9bc2-db79e18fa052",
              "parentUUID": "67d65eb3-187c-49ee-95c5-90d02ea1e031",
              "isHook": false,
              "skipped": false
            },
            {
              "title": "should return 404 for deleting a non-existent user",
              "fullTitle": "Users API - DELETE Requests should return 404 for deleting a non-existent user",
              "timedOut": null,
              "duration": 599,
              "state": "failed",
              "speed": null,
              "pass": false,
              "fail": true,
              "pending": false,
              "context": null,
              "code": "userApiPage.deleteUser(9999).then(response => {\n  expect(response.status).to.eq(404);\n});",
              "err": {
                "message": "AssertionError: expected 204 to equal 404",
                "estack": "AssertionError: expected 204 to equal 404\n    at Context.eval (webpack://requesapiautomation/./cypress/e2e/api-tests/deleteUser.spec.js:18:33)",
                "diff": "- 204\n+ 404\n"
              },
              "uuid": "5c1de319-7ff5-43d0-b428-1c065590426c",
              "parentUUID": "67d65eb3-187c-49ee-95c5-90d02ea1e031",
              "isHook": false,
              "skipped": false
            },
            {
              "title": "should validate the schema for deleting a user",
              "fullTitle": "Users API - DELETE Requests should validate the schema for deleting a user",
              "timedOut": null,
              "duration": 699,
              "state": "failed",
              "speed": null,
              "pass": false,
              "fail": true,
              "pending": false,
              "context": null,
              "code": "userApiPage.deleteUser(2).then(response => {\n  const validate = ajv.compile(_deleteUserSchema.default);\n  const valid = validate(response.body);\n  expect(valid, `Schema validation failed: ${ajv.errorsText(validate.errors)}`).to.be.true;\n});",
              "err": {
                "message": "AssertionError: Schema validation failed: data must be object: expected false to be true",
                "estack": "AssertionError: Schema validation failed: data must be object: expected false to be true\n    at Context.eval (webpack://requesapiautomation/./cypress/e2e/api-tests/deleteUser.spec.js:26:90)",
                "diff": null
              },
              "uuid": "d928550a-ba31-4ee0-9ee1-d4369157c85d",
              "parentUUID": "67d65eb3-187c-49ee-95c5-90d02ea1e031",
              "isHook": false,
              "skipped": false
            }
          ],
          "suites": [],
          "passes": [
            "e6ea6d67-c603-4c83-9bc2-db79e18fa052"
          ],
          "failures": [
            "5c1de319-7ff5-43d0-b428-1c065590426c",
            "d928550a-ba31-4ee0-9ee1-d4369157c85d"
          ],
          "pending": [],
          "skipped": [],
          "duration": 1573,
          "root": false,
          "rootEmpty": false,
          "_timeout": 2000
        }
      ],
      "passes": [],
      "failures": [],
      "pending": [],
      "skipped": [],
      "duration": 0,
      "root": true,
      "rootEmpty": true,
      "_timeout": 2000
    }
  ],
  "meta": {
    "mocha": {
      "version": "7.0.1"
    },
    "mochawesome": {
      "options": {
        "quiet": false,
        "reportFilename": "mochawesome",
        "saveHtml": false,
        "saveJson": true,
        "consoleReporter": "spec",
        "useInlineDiffs": false,
        "code": true
      },
      "version": "7.1.3"
    },
    "marge": {
      "options": {
        "reportDir": "cypress/reports",
        "overwrite": false,
        "html": false,
        "json": true
      },
      "version": "6.2.0"
    }
  }
}